hospital_management_app/app/build/intermediates/manifest_merge_blame_file/debug/processDebugMainManifest/manifest-merger-blame-debug-report.txt
1<?xml version="1.0" encoding="utf-8"?>
2<manifest xmlns:android="http://schemas.android.com/apk/res/android"
3    package="com.hospital.management"
4    android:versionCode="1"
5    android:versionName="1.0.0" >
6
7    <uses-sdk
8        android:minSdkVersion="26"
9        android:targetSdkVersion="34" />
10
11    <uses-permission android:name="android.permission.INTERNET" />
11-->src\main\AndroidManifest.xml:5:5-67
11-->src\main\AndroidManifest.xml:5:22-64
12    <uses-permission android:name="android.permission.ACCESS_NETWORK_STATE" />
12-->src\main\AndroidManifest.xml:6:5-79
12-->src\main\AndroidManifest.xml:6:22-76
13    <uses-permission android:name="android.permission.CAMERA" />
13-->src\main\AndroidManifest.xml:7:5-65
13-->src\main\AndroidManifest.xml:7:22-62
14    <uses-permission
14-->src\main\AndroidManifest.xml:8:5-9:38
15        android:name="android.permission.READ_EXTERNAL_STORAGE"
15-->src\main\AndroidManifest.xml:8:22-77
16        android:maxSdkVersion="32" />
16-->src\main\AndroidManifest.xml:9:9-35
17    <uses-permission
17-->src\main\AndroidManifest.xml:10:5-11:38
18        android:name="android.permission.WRITE_EXTERNAL_STORAGE"
18-->src\main\AndroidManifest.xml:10:22-78
19        android:maxSdkVersion="32" />
19-->src\main\AndroidManifest.xml:11:9-35
20    <uses-permission android:name="android.permission.READ_MEDIA_IMAGES" />
20-->src\main\AndroidManifest.xml:12:5-76
20-->src\main\AndroidManifest.xml:12:22-73
21    <uses-permission android:name="android.permission.ACCESS_FINE_LOCATION" />
21-->src\main\AndroidManifest.xml:13:5-79
21-->src\main\AndroidManifest.xml:13:22-76
22    <uses-permission android:name="android.permission.ACCESS_COARSE_LOCATION" />
22-->src\main\AndroidManifest.xml:14:5-81
22-->src\main\AndroidManifest.xml:14:22-78
23    <uses-permission android:name="android.permission.ACCESS_BACKGROUND_LOCATION" />
23-->src\main\AndroidManifest.xml:15:5-85
23-->src\main\AndroidManifest.xml:15:22-82
24    <uses-permission android:name="android.permission.CALL_PHONE" />
24-->src\main\AndroidManifest.xml:16:5-69
24-->src\main\AndroidManifest.xml:16:22-66
25    <uses-permission android:name="android.permission.SEND_SMS" />
25-->src\main\AndroidManifest.xml:17:5-67
25-->src\main\AndroidManifest.xml:17:22-64
26    <uses-permission android:name="android.permission.POST_NOTIFICATIONS" />
26-->src\main\AndroidManifest.xml:18:5-77
26-->src\main\AndroidManifest.xml:18:22-74
27    <uses-permission android:name="android.permission.USE_BIOMETRIC" />
27-->src\main\AndroidManifest.xml:19:5-72
27-->src\main\AndroidManifest.xml:19:22-69
28    <uses-permission android:name="android.permission.FOREGROUND_SERVICE" />
28-->src\main\AndroidManifest.xml:20:5-77
28-->src\main\AndroidManifest.xml:20:22-74
29    <uses-permission android:name="android.permission.FOREGROUND_SERVICE_LOCATION" />
29-->src\main\AndroidManifest.xml:21:5-86
29-->src\main\AndroidManifest.xml:21:22-83
30
31    <uses-feature
31-->src\main\AndroidManifest.xml:23:5-85
32        android:name="android.hardware.camera"
32-->src\main\AndroidManifest.xml:23:19-57
33        android:required="false" />
33-->src\main\AndroidManifest.xml:23:58-82
34    <uses-feature
34-->src\main\AndroidManifest.xml:24:5-91
35        android:name="android.hardware.location.gps"
35-->src\main\AndroidManifest.xml:24:19-63
36        android:required="false" />
36-->src\main\AndroidManifest.xml:24:64-88
37    <!-- suppress DeprecatedClassUsageInspection -->
38    <uses-permission android:name="android.permission.USE_FINGERPRINT" />
38-->[androidx.biometric:biometric:1.1.0] AndroidManifest.xml:27:5-74
38-->[androidx.biometric:biometric:1.1.0] AndroidManifest.xml:27:22-71
39    <uses-permission android:name="android.permission.WAKE_LOCK" />
39-->[androidx.work:work-runtime:2.9.0] AndroidManifest.xml:23:5-68
39-->[androidx.work:work-runtime:2.9.0] AndroidManifest.xml:23:22-65
40    <uses-permission android:name="android.permission.RECEIVE_BOOT_COMPLETED" />
40-->[androidx.work:work-runtime:2.9.0] AndroidManifest.xml:25:5-81
40-->[androidx.work:work-runtime:2.9.0] AndroidManifest.xml:25:22-78
41
42    <uses-feature
42-->[com.google.android.gms:play-services-maps:18.2.0] AndroidManifest.xml:26:5-28:35
43        android:glEsVersion="0x00020000"
43-->[com.google.android.gms:play-services-maps:18.2.0] AndroidManifest.xml:27:9-41
44        android:required="true" />
44-->[com.google.android.gms:play-services-maps:18.2.0] AndroidManifest.xml:28:9-32
45
46    <queries>
46-->[com.google.android.gms:play-services-maps:18.2.0] AndroidManifest.xml:30:5-34:15
47
48        <!-- Needs to be explicitly declared on Android R+ -->
49        <package android:name="com.google.android.apps.maps" />
49-->[com.google.android.gms:play-services-maps:18.2.0] AndroidManifest.xml:33:9-64
49-->[com.google.android.gms:play-services-maps:18.2.0] AndroidManifest.xml:33:18-61
50    </queries> <!-- Required by older versions of Google Play services to create IID tokens -->
51    <uses-permission android:name="com.google.android.c2dm.permission.RECEIVE" />
51-->[com.google.firebase:firebase-messaging:24.0.0] AndroidManifest.xml:26:5-82
51-->[com.google.firebase:firebase-messaging:24.0.0] AndroidManifest.xml:26:22-79
52    <uses-permission android:name="com.google.android.gms.permission.AD_ID" />
52-->[com.google.android.gms:play-services-measurement-api:22.0.0] AndroidManifest.xml:25:5-79
52-->[com.google.android.gms:play-services-measurement-api:22.0.0] AndroidManifest.xml:25:22-76
53    <uses-permission android:name="android.permission.ACCESS_ADSERVICES_ATTRIBUTION" />
53-->[com.google.android.gms:play-services-measurement-api:22.0.0] AndroidManifest.xml:26:5-88
53-->[com.google.android.gms:play-services-measurement-api:22.0.0] AndroidManifest.xml:26:22-85
54    <uses-permission android:name="android.permission.ACCESS_ADSERVICES_AD_ID" />
54-->[com.google.android.gms:play-services-measurement-api:22.0.0] AndroidManifest.xml:27:5-82
54-->[com.google.android.gms:play-services-measurement-api:22.0.0] AndroidManifest.xml:27:22-79
55    <uses-permission android:name="com.google.android.providers.gsf.permission.READ_GSERVICES" />
55-->[com.google.android.recaptcha:recaptcha:18.4.0] AndroidManifest.xml:9:5-98
55-->[com.google.android.recaptcha:recaptcha:18.4.0] AndroidManifest.xml:9:22-95
56    <uses-permission android:name="com.google.android.finsky.permission.BIND_GET_INSTALL_REFERRER_SERVICE" />
56-->[com.google.android.gms:play-services-measurement:22.0.0] AndroidManifest.xml:26:5-110
56-->[com.google.android.gms:play-services-measurement:22.0.0] AndroidManifest.xml:26:22-107
57
58    <permission
58-->[androidx.core:core:1.13.1] AndroidManifest.xml:22:5-24:47
59        android:name="com.hospital.management.DYNAMIC_RECEIVER_NOT_EXPORTED_PERMISSION"
59-->[androidx.core:core:1.13.1] AndroidManifest.xml:23:9-81
60        android:protectionLevel="signature" />
60-->[androidx.core:core:1.13.1] AndroidManifest.xml:24:9-44
61
62    <uses-permission android:name="com.hospital.management.DYNAMIC_RECEIVER_NOT_EXPORTED_PERMISSION" />
62-->[androidx.core:core:1.13.1] AndroidManifest.xml:26:5-97
62-->[androidx.core:core:1.13.1] AndroidManifest.xml:26:22-94
63
64    <uses-feature
64-->[com.journeyapps:zxing-android-embedded:4.3.0] AndroidManifest.xml:28:5-30:36
65        android:name="android.hardware.camera.front"
65-->[com.journeyapps:zxing-android-embedded:4.3.0] AndroidManifest.xml:29:9-53
66        android:required="false" /> <!-- TODO replace above two with next line after Android 4.2 -->
66-->[com.journeyapps:zxing-android-embedded:4.3.0] AndroidManifest.xml:30:9-33
67    <!-- <uses-feature android:name="android.hardware.camera.any"/> -->
68    <uses-feature
68-->[com.journeyapps:zxing-android-embedded:4.3.0] AndroidManifest.xml:33:5-35:36
69        android:name="android.hardware.camera.autofocus"
69-->[com.journeyapps:zxing-android-embedded:4.3.0] AndroidManifest.xml:34:9-57
70        android:required="false" />
70-->[com.journeyapps:zxing-android-embedded:4.3.0] AndroidManifest.xml:35:9-33
71    <uses-feature
71-->[com.journeyapps:zxing-android-embedded:4.3.0] AndroidManifest.xml:36:5-38:36
72        android:name="android.hardware.camera.flash"
72-->[com.journeyapps:zxing-android-embedded:4.3.0] AndroidManifest.xml:37:9-53
73        android:required="false" />
73-->[com.journeyapps:zxing-android-embedded:4.3.0] AndroidManifest.xml:38:9-33
74    <uses-feature
74-->[com.journeyapps:zxing-android-embedded:4.3.0] AndroidManifest.xml:39:5-41:36
75        android:name="android.hardware.screen.landscape"
75-->[com.journeyapps:zxing-android-embedded:4.3.0] AndroidManifest.xml:40:9-57
76        android:required="false" />
76-->[com.journeyapps:zxing-android-embedded:4.3.0] AndroidManifest.xml:41:9-33
77    <uses-feature
77-->[com.journeyapps:zxing-android-embedded:4.3.0] AndroidManifest.xml:42:5-44:36
78        android:name="android.hardware.wifi"
78-->[com.journeyapps:zxing-android-embedded:4.3.0] AndroidManifest.xml:43:9-45
79        android:required="false" />
79-->[com.journeyapps:zxing-android-embedded:4.3.0] AndroidManifest.xml:44:9-33
80
81    <application
81-->src\main\AndroidManifest.xml:26:5-72:19
82        android:name="com.hospital.management.HospitalApp"
82-->src\main\AndroidManifest.xml:27:9-36
83        android:allowBackup="true"
83-->src\main\AndroidManifest.xml:28:9-35
84        android:appComponentFactory="androidx.core.app.CoreComponentFactory"
84-->[androidx.core:core:1.13.1] AndroidManifest.xml:28:18-86
85        android:debuggable="true"
86        android:extractNativeLibs="false"
87        android:icon="@mipmap/ic_launcher"
87-->src\main\AndroidManifest.xml:29:9-43
88        android:label="@string/app_name"
88-->src\main\AndroidManifest.xml:31:9-41
89        android:roundIcon="@mipmap/ic_launcher_round"
89-->src\main\AndroidManifest.xml:30:9-54
90        android:supportsRtl="true"
90-->src\main\AndroidManifest.xml:32:9-35
91        android:theme="@style/Theme.HospitalManagement"
91-->src\main\AndroidManifest.xml:33:9-56
92        android:usesCleartextTraffic="false" >
92-->src\main\AndroidManifest.xml:34:9-45
93        <activity
93-->src\main\AndroidManifest.xml:37:9-45:20
94            android:name="com.hospital.management.MainActivity"
94-->src\main\AndroidManifest.xml:38:13-41
95            android:exported="true"
95-->src\main\AndroidManifest.xml:39:13-36
96            android:theme="@style/Theme.HospitalManagement.Splash" >
96-->src\main\AndroidManifest.xml:40:13-67
97            <intent-filter>
97-->src\main\AndroidManifest.xml:41:13-44:29
98                <action android:name="android.intent.action.MAIN" />
98-->src\main\AndroidManifest.xml:42:17-69
98-->src\main\AndroidManifest.xml:42:25-66
99
100                <category android:name="android.intent.category.LAUNCHER" />
100-->src\main\AndroidManifest.xml:43:17-77
100-->src\main\AndroidManifest.xml:43:27-74
101            </intent-filter>
102        </activity>
103
104        <!-- Firebase Messaging Service -->
105        <service
105-->src\main\AndroidManifest.xml:48:9-54:19
106            android:name="com.hospital.management.service.HospitalFirebaseService"
106-->src\main\AndroidManifest.xml:49:13-60
107            android:exported="false" >
107-->src\main\AndroidManifest.xml:50:13-37
108            <intent-filter>
108-->src\main\AndroidManifest.xml:51:13-53:29
109                <action android:name="com.google.firebase.MESSAGING_EVENT" />
109-->src\main\AndroidManifest.xml:52:17-78
109-->src\main\AndroidManifest.xml:52:25-75
110            </intent-filter>
111        </service>
112
113        <!-- WorkManager -->
114        <provider
115            android:name="androidx.startup.InitializationProvider"
115-->src\main\AndroidManifest.xml:58:13-67
116            android:authorities="com.hospital.management.androidx-startup"
116-->src\main\AndroidManifest.xml:59:13-68
117            android:exported="false" >
117-->src\main\AndroidManifest.xml:60:13-37
118            <meta-data
118-->src\main\AndroidManifest.xml:62:13-64:52
119                android:name="androidx.work.WorkManagerInitializer"
119-->src\main\AndroidManifest.xml:63:17-68
120                android:value="androidx.startup" />
120-->src\main\AndroidManifest.xml:64:17-49
121            <meta-data
121-->[androidx.emoji2:emoji2:1.3.0] AndroidManifest.xml:29:13-31:52
122                android:name="androidx.emoji2.text.EmojiCompatInitializer"
122-->[androidx.emoji2:emoji2:1.3.0] AndroidManifest.xml:30:17-75
123                android:value="androidx.startup" />
123-->[androidx.emoji2:emoji2:1.3.0] AndroidManifest.xml:31:17-49
124            <meta-data
124-->[androidx.lifecycle:lifecycle-process:2.8.0] AndroidManifest.xml:29:13-31:52
125                android:name="androidx.lifecycle.ProcessLifecycleInitializer"
125-->[androidx.lifecycle:lifecycle-process:2.8.0] AndroidManifest.xml:30:17-78
126                android:value="androidx.startup" />
126-->[androidx.lifecycle:lifecycle-process:2.8.0] AndroidManifest.xml:31:17-49
127            <meta-data
127-->[androidx.profileinstaller:profileinstaller:1.3.1] AndroidManifest.xml:29:13-31:52
128                android:name="androidx.profileinstaller.ProfileInstallerInitializer"
128-->[androidx.profileinstaller:profileinstaller:1.3.1] AndroidManifest.xml:30:17-85
129                android:value="androidx.startup" />
129-->[androidx.profileinstaller:profileinstaller:1.3.1] AndroidManifest.xml:31:17-49
130        </provider>
131
132        <!-- Google Maps API Key (Replace with your key) -->
133        <meta-data
133-->src\main\AndroidManifest.xml:68:9-70:56
134            android:name="com.google.android.geo.API_KEY"
134-->src\main\AndroidManifest.xml:69:13-58
135            android:value="YOUR_GOOGLE_MAPS_API_KEY" />
135-->src\main\AndroidManifest.xml:70:13-53
136
137        <service
137-->[androidx.work:work-runtime:2.9.0] AndroidManifest.xml:39:9-45:35
138            android:name="androidx.work.impl.background.systemalarm.SystemAlarmService"
138-->[androidx.work:work-runtime:2.9.0] AndroidManifest.xml:40:13-88
139            android:directBootAware="false"
139-->[androidx.work:work-runtime:2.9.0] AndroidManifest.xml:41:13-44
140            android:enabled="@bool/enable_system_alarm_service_default"
140-->[androidx.work:work-runtime:2.9.0] AndroidManifest.xml:42:13-72
141            android:exported="false" />
141-->[androidx.work:work-runtime:2.9.0] AndroidManifest.xml:43:13-37
142        <service
142-->[androidx.work:work-runtime:2.9.0] AndroidManifest.xml:46:9-52:35
143            android:name="androidx.work.impl.background.systemjob.SystemJobService"
143-->[androidx.work:work-runtime:2.9.0] AndroidManifest.xml:47:13-84
144            android:directBootAware="false"
144-->[androidx.work:work-runtime:2.9.0] AndroidManifest.xml:48:13-44
145            android:enabled="@bool/enable_system_job_service_default"
145-->[androidx.work:work-runtime:2.9.0] AndroidManifest.xml:49:13-70
146            android:exported="true"
146-->[androidx.work:work-runtime:2.9.0] AndroidManifest.xml:50:13-36
147            android:permission="android.permission.BIND_JOB_SERVICE" />
147-->[androidx.work:work-runtime:2.9.0] AndroidManifest.xml:51:13-69
148        <service
148-->[androidx.work:work-runtime:2.9.0] AndroidManifest.xml:53:9-59:35
149            android:name="androidx.work.impl.foreground.SystemForegroundService"
149-->[androidx.work:work-runtime:2.9.0] AndroidManifest.xml:54:13-81
150            android:directBootAware="false"
150-->[androidx.work:work-runtime:2.9.0] AndroidManifest.xml:55:13-44
151            android:enabled="@bool/enable_system_foreground_service_default"
151-->[androidx.work:work-runtime:2.9.0] AndroidManifest.xml:56:13-77
152            android:exported="false" />
152-->[androidx.work:work-runtime:2.9.0] AndroidManifest.xml:57:13-37
153
154        <receiver
154-->[androidx.work:work-runtime:2.9.0] AndroidManifest.xml:61:9-66:35
155            android:name="androidx.work.impl.utils.ForceStopRunnable$BroadcastReceiver"
155-->[androidx.work:work-runtime:2.9.0] AndroidManifest.xml:62:13-88
156            android:directBootAware="false"
156-->[androidx.work:work-runtime:2.9.0] AndroidManifest.xml:63:13-44
157            android:enabled="true"
157-->[androidx.work:work-runtime:2.9.0] AndroidManifest.xml:64:13-35
158            android:exported="false" />
158-->[androidx.work:work-runtime:2.9.0] AndroidManifest.xml:65:13-37
159        <receiver
159-->[androidx.work:work-runtime:2.9.0] AndroidManifest.xml:67:9-77:20
160            android:name="androidx.work.impl.background.systemalarm.ConstraintProxy$BatteryChargingProxy"
160-->[androidx.work:work-runtime:2.9.0] AndroidManifest.xml:68:13-106
161            android:directBootAware="false"
161-->[androidx.work:work-runtime:2.9.0] AndroidManifest.xml:69:13-44
162            android:enabled="false"
162-->[androidx.work:work-runtime:2.9.0] AndroidManifest.xml:70:13-36
163            android:exported="false" >
163-->[androidx.work:work-runtime:2.9.0] AndroidManifest.xml:71:13-37
164            <intent-filter>
164-->[androidx.work:work-runtime:2.9.0] AndroidManifest.xml:73:13-76:29
165                <action android:name="android.intent.action.ACTION_POWER_CONNECTED" />
165-->[androidx.work:work-runtime:2.9.0] AndroidManifest.xml:74:17-87
165-->[androidx.work:work-runtime:2.9.0] AndroidManifest.xml:74:25-84
166                <action android:name="android.intent.action.ACTION_POWER_DISCONNECTED" />
166-->[androidx.work:work-runtime:2.9.0] AndroidManifest.xml:75:17-90
166-->[androidx.work:work-runtime:2.9.0] AndroidManifest.xml:75:25-87
167            </intent-filter>
168        </receiver>
169        <receiver
169-->[androidx.work:work-runtime:2.9.0] AndroidManifest.xml:78:9-88:20
170            android:name="androidx.work.impl.background.systemalarm.ConstraintProxy$BatteryNotLowProxy"
170-->[androidx.work:work-runtime:2.9.0] AndroidManifest.xml:79:13-104
171            android:directBootAware="false"
171-->[androidx.work:work-runtime:2.9.0] AndroidManifest.xml:80:13-44
172            android:enabled="false"
172-->[androidx.work:work-runtime:2.9.0] AndroidManifest.xml:81:13-36
173            android:exported="false" >
173-->[androidx.work:work-runtime:2.9.0] AndroidManifest.xml:82:13-37
174            <intent-filter>
174-->[androidx.work:work-runtime:2.9.0] AndroidManifest.xml:84:13-87:29
175                <action android:name="android.intent.action.BATTERY_OKAY" />
175-->[androidx.work:work-runtime:2.9.0] AndroidManifest.xml:85:17-77
175-->[androidx.work:work-runtime:2.9.0] AndroidManifest.xml:85:25-74
176                <action android:name="android.intent.action.BATTERY_LOW" />
176-->[androidx.work:work-runtime:2.9.0] AndroidManifest.xml:86:17-76
176-->[androidx.work:work-runtime:2.9.0] AndroidManifest.xml:86:25-73
177            </intent-filter>
178        </receiver>
179        <receiver
179-->[androidx.work:work-runtime:2.9.0] AndroidManifest.xml:89:9-99:20
180            android:name="androidx.work.impl.background.systemalarm.ConstraintProxy$StorageNotLowProxy"
180-->[androidx.work:work-runtime:2.9.0] AndroidManifest.xml:90:13-104
181            android:directBootAware="false"
181-->[androidx.work:work-runtime:2.9.0] AndroidManifest.xml:91:13-44
182            android:enabled="false"
182-->[androidx.work:work-runtime:2.9.0] AndroidManifest.xml:92:13-36
183            android:exported="false" >
183-->[androidx.work:work-runtime:2.9.0] AndroidManifest.xml:93:13-37
184            <intent-filter>
184-->[androidx.work:work-runtime:2.9.0] AndroidManifest.xml:95:13-98:29
185                <action android:name="android.intent.action.DEVICE_STORAGE_LOW" />
185-->[androidx.work:work-runtime:2.9.0] AndroidManifest.xml:96:17-83
185-->[androidx.work:work-runtime:2.9.0] AndroidManifest.xml:96:25-80
186                <action android:name="android.intent.action.DEVICE_STORAGE_OK" />
186-->[androidx.work:work-runtime:2.9.0] AndroidManifest.xml:97:17-82
186-->[androidx.work:work-runtime:2.9.0] AndroidManifest.xml:97:25-79
187            </intent-filter>
188        </receiver>
189        <receiver
189-->[androidx.work:work-runtime:2.9.0] AndroidManifest.xml:100:9-109:20
190            android:name="androidx.work.impl.background.systemalarm.ConstraintProxy$NetworkStateProxy"
190-->[androidx.work:work-runtime:2.9.0] AndroidManifest.xml:101:13-103
191            android:directBootAware="false"
191-->[androidx.work:work-runtime:2.9.0] AndroidManifest.xml:102:13-44
192            android:enabled="false"
192-->[androidx.work:work-runtime:2.9.0] AndroidManifest.xml:103:13-36
193            android:exported="false" >
193-->[androidx.work:work-runtime:2.9.0] AndroidManifest.xml:104:13-37
194            <intent-filter>
194-->[androidx.work:work-runtime:2.9.0] AndroidManifest.xml:106:13-108:29
195                <action android:name="android.net.conn.CONNECTIVITY_CHANGE" />
195-->[androidx.work:work-runtime:2.9.0] AndroidManifest.xml:107:17-79
195-->[androidx.work:work-runtime:2.9.0] AndroidManifest.xml:107:25-76
196            </intent-filter>
197        </receiver>
198        <receiver
198-->[androidx.work:work-runtime:2.9.0] AndroidManifest.xml:110:9-121:20
199            android:name="androidx.work.impl.background.systemalarm.RescheduleReceiver"
199-->[androidx.work:work-runtime:2.9.0] AndroidManifest.xml:111:13-88
200            android:directBootAware="false"
200-->[androidx.work:work-runtime:2.9.0] AndroidManifest.xml:112:13-44
201            android:enabled="false"
201-->[androidx.work:work-runtime:2.9.0] AndroidManifest.xml:113:13-36
202            android:exported="false" >
202-->[androidx.work:work-runtime:2.9.0] AndroidManifest.xml:114:13-37
203            <intent-filter>
203-->[androidx.work:work-runtime:2.9.0] AndroidManifest.xml:116:13-120:29
204                <action android:name="android.intent.action.BOOT_COMPLETED" />
204-->[androidx.work:work-runtime:2.9.0] AndroidManifest.xml:117:17-79
204-->[androidx.work:work-runtime:2.9.0] AndroidManifest.xml:117:25-76
205                <action android:name="android.intent.action.TIME_SET" />
205-->[androidx.work:work-runtime:2.9.0] AndroidManifest.xml:118:17-73
205-->[androidx.work:work-runtime:2.9.0] AndroidManifest.xml:118:25-70
206                <action android:name="android.intent.action.TIMEZONE_CHANGED" />
206-->[androidx.work:work-runtime:2.9.0] AndroidManifest.xml:119:17-81
206-->[androidx.work:work-runtime:2.9.0] AndroidManifest.xml:119:25-78
207            </intent-filter>
208        </receiver>
209        <receiver
209-->[androidx.work:work-runtime:2.9.0] AndroidManifest.xml:122:9-131:20
210            android:name="androidx.work.impl.background.systemalarm.ConstraintProxyUpdateReceiver"
210-->[androidx.work:work-runtime:2.9.0] AndroidManifest.xml:123:13-99
211            android:directBootAware="false"
211-->[androidx.work:work-runtime:2.9.0] AndroidManifest.xml:124:13-44
212            android:enabled="@bool/enable_system_alarm_service_default"
212-->[androidx.work:work-runtime:2.9.0] AndroidManifest.xml:125:13-72
213            android:exported="false" >
213-->[androidx.work:work-runtime:2.9.0] AndroidManifest.xml:126:13-37
214            <intent-filter>
214-->[androidx.work:work-runtime:2.9.0] AndroidManifest.xml:128:13-130:29
215                <action android:name="androidx.work.impl.background.systemalarm.UpdateProxies" />
215-->[androidx.work:work-runtime:2.9.0] AndroidManifest.xml:129:17-98
215-->[androidx.work:work-runtime:2.9.0] AndroidManifest.xml:129:25-95
216            </intent-filter>
217        </receiver>
218        <receiver
218-->[androidx.work:work-runtime:2.9.0] AndroidManifest.xml:132:9-142:20
219            android:name="androidx.work.impl.diagnostics.DiagnosticsReceiver"
219-->[androidx.work:work-runtime:2.9.0] AndroidManifest.xml:133:13-78
220            android:directBootAware="false"
220-->[androidx.work:work-runtime:2.9.0] AndroidManifest.xml:134:13-44
221            android:enabled="true"
221-->[androidx.work:work-runtime:2.9.0] AndroidManifest.xml:135:13-35
222            android:exported="true"
222-->[androidx.work:work-runtime:2.9.0] AndroidManifest.xml:136:13-36
223            android:permission="android.permission.DUMP" >
223-->[androidx.work:work-runtime:2.9.0] AndroidManifest.xml:137:13-57
224            <intent-filter>
224-->[androidx.work:work-runtime:2.9.0] AndroidManifest.xml:139:13-141:29
225                <action android:name="androidx.work.diagnostics.REQUEST_DIAGNOSTICS" />
225-->[androidx.work:work-runtime:2.9.0] AndroidManifest.xml:140:17-88
225-->[androidx.work:work-runtime:2.9.0] AndroidManifest.xml:140:25-85
226            </intent-filter>
227        </receiver> <!-- Needs to be explicitly declared on P+ -->
228        <uses-library
228-->[com.google.android.gms:play-services-maps:18.2.0] AndroidManifest.xml:39:9-41:40
229            android:name="org.apache.http.legacy"
229-->[com.google.android.gms:play-services-maps:18.2.0] AndroidManifest.xml:40:13-50
230            android:required="false" />
230-->[com.google.android.gms:play-services-maps:18.2.0] AndroidManifest.xml:41:13-37
231
232        <service
232-->[com.google.firebase:firebase-storage-ktx:21.0.0] AndroidManifest.xml:9:9-15:19
233            android:name="com.google.firebase.components.ComponentDiscoveryService"
233-->[com.google.firebase:firebase-storage-ktx:21.0.0] AndroidManifest.xml:10:13-84
234            android:directBootAware="true"
234-->[com.google.firebase:firebase-common:21.0.0] AndroidManifest.xml:32:13-43
235            android:exported="false" >
235-->[com.google.firebase:firebase-storage-ktx:21.0.0] AndroidManifest.xml:11:13-37
236            <meta-data
236-->[com.google.firebase:firebase-storage-ktx:21.0.0] AndroidManifest.xml:12:13-14:85
237                android:name="com.google.firebase.components:com.google.firebase.storage.ktx.FirebaseStorageLegacyRegistrar"
237-->[com.google.firebase:firebase-storage-ktx:21.0.0] AndroidManifest.xml:13:17-125
238                android:value="com.google.firebase.components.ComponentRegistrar" />
238-->[com.google.firebase:firebase-storage-ktx:21.0.0] AndroidManifest.xml:14:17-82
239            <meta-data
239-->[com.google.firebase:firebase-storage:21.0.0] AndroidManifest.xml:30:13-32:85
240                android:name="com.google.firebase.components:com.google.firebase.storage.FirebaseStorageKtxRegistrar"
240-->[com.google.firebase:firebase-storage:21.0.0] AndroidManifest.xml:31:17-118
241                android:value="com.google.firebase.components.ComponentRegistrar" />
241-->[com.google.firebase:firebase-storage:21.0.0] AndroidManifest.xml:32:17-82
242            <meta-data
242-->[com.google.firebase:firebase-storage:21.0.0] AndroidManifest.xml:33:13-35:85
243                android:name="com.google.firebase.components:com.google.firebase.storage.StorageRegistrar"
243-->[com.google.firebase:firebase-storage:21.0.0] AndroidManifest.xml:34:17-107
244                android:value="com.google.firebase.components.ComponentRegistrar" />
244-->[com.google.firebase:firebase-storage:21.0.0] AndroidManifest.xml:35:17-82
245            <meta-data
245-->[com.google.firebase:firebase-firestore-ktx:25.0.0] AndroidManifest.xml:12:13-14:85
246                android:name="com.google.firebase.components:com.google.firebase.firestore.ktx.FirebaseFirestoreLegacyRegistrar"
246-->[com.google.firebase:firebase-firestore-ktx:25.0.0] AndroidManifest.xml:13:17-129
247                android:value="com.google.firebase.components.ComponentRegistrar" />
247-->[com.google.firebase:firebase-firestore-ktx:25.0.0] AndroidManifest.xml:14:17-82
248            <meta-data
248-->[com.google.firebase:firebase-firestore:25.0.0] AndroidManifest.xml:17:13-19:85
249                android:name="com.google.firebase.components:com.google.firebase.firestore.FirebaseFirestoreKtxRegistrar"
249-->[com.google.firebase:firebase-firestore:25.0.0] AndroidManifest.xml:18:17-122
250                android:value="com.google.firebase.components.ComponentRegistrar" />
250-->[com.google.firebase:firebase-firestore:25.0.0] AndroidManifest.xml:19:17-82
251            <meta-data
251-->[com.google.firebase:firebase-firestore:25.0.0] AndroidManifest.xml:20:13-22:85
252                android:name="com.google.firebase.components:com.google.firebase.firestore.FirestoreRegistrar"
252-->[com.google.firebase:firebase-firestore:25.0.0] AndroidManifest.xml:21:17-111
253                android:value="com.google.firebase.components.ComponentRegistrar" />
253-->[com.google.firebase:firebase-firestore:25.0.0] AndroidManifest.xml:22:17-82
254            <meta-data
254-->[com.google.firebase:firebase-messaging-ktx:24.0.0] AndroidManifest.xml:26:13-28:85
255                android:name="com.google.firebase.components:com.google.firebase.messaging.ktx.FirebaseMessagingLegacyRegistrar"
255-->[com.google.firebase:firebase-messaging-ktx:24.0.0] AndroidManifest.xml:27:17-129
256                android:value="com.google.firebase.components.ComponentRegistrar" />
256-->[com.google.firebase:firebase-messaging-ktx:24.0.0] AndroidManifest.xml:28:17-82
257            <meta-data
257-->[com.google.firebase:firebase-messaging:24.0.0] AndroidManifest.xml:57:13-59:85
258                android:name="com.google.firebase.components:com.google.firebase.messaging.FirebaseMessagingKtxRegistrar"
258-->[com.google.firebase:firebase-messaging:24.0.0] AndroidManifest.xml:58:17-122
259                android:value="com.google.firebase.components.ComponentRegistrar" />
259-->[com.google.firebase:firebase-messaging:24.0.0] AndroidManifest.xml:59:17-82
260            <meta-data
260-->[com.google.firebase:firebase-messaging:24.0.0] AndroidManifest.xml:60:13-62:85
261                android:name="com.google.firebase.components:com.google.firebase.messaging.FirebaseMessagingRegistrar"
261-->[com.google.firebase:firebase-messaging:24.0.0] AndroidManifest.xml:61:17-119
262                android:value="com.google.firebase.components.ComponentRegistrar" />